TN:
SF:src/router.ts
FN:33,(anonymous_0)
FN:51,(anonymous_1)
FNF:2
FNH:2
FNDA:4,(anonymous_0)
FNDA:3,(anonymous_1)
DA:1,2
DA:2,2
DA:10,2
DA:11,2
DA:12,2
DA:14,2
DA:15,2
DA:22,2
DA:33,4
DA:41,2
DA:51,3
DA:62,2
DA:69,2
DA:77,2
LF:14
LH:14
BRF:0
BRH:0
end_of_record
TN:
SF:src/server.ts
FN:7,connectDB
FN:26,(anonymous_2)
FNF:2
FNH:2
FNDA:3,connectDB
FNDA:1,(anonymous_2)
DA:1,2
DA:2,2
DA:3,2
DA:4,2
DA:7,2
DA:8,3
DA:9,3
DA:10,1
DA:14,1
DA:18,2
DA:20,2
DA:23,2
DA:24,2
DA:26,2
DA:27,1
DA:30,2
LF:16
LH:16
BRF:0
BRH:0
end_of_record
TN:
SF:src/config/db.ts
FNF:0
FNH:0
DA:1,2
DA:2,2
DA:4,2
DA:6,2
DA:11,2
LF:5
LH:5
BRF:0
BRH:0
end_of_record
TN:
SF:src/handlers/product.ts
FN:4,(anonymous_1)
FN:16,(anonymous_2)
FN:31,(anonymous_3)
FN:61,(anonymous_4)
FN:81,(anonymous_5)
FN:105,(anonymous_6)
FNF:6
FNH:5
FNDA:2,(anonymous_1)
FNDA:2,(anonymous_2)
FNDA:1,(anonymous_3)
FNDA:0,(anonymous_4)
FNDA:2,(anonymous_5)
FNDA:2,(anonymous_6)
DA:2,2
DA:4,2
DA:5,2
DA:6,2
DA:10,0
DA:12,2
DA:16,2
DA:17,2
DA:18,2
DA:20,2
DA:22,0
DA:23,0
DA:25,0
DA:27,2
DA:31,2
DA:53,1
DA:54,1
DA:55,0
DA:57,1
DA:61,2
DA:62,0
DA:64,0
DA:66,0
DA:68,0
DA:69,0
DA:73,0
DA:74,0
DA:75,0
DA:77,0
DA:81,2
DA:82,2
DA:84,2
DA:86,2
DA:88,0
DA:89,0
DA:96,0
DA:97,0
DA:99,0
DA:101,2
DA:105,2
DA:106,2
DA:108,2
DA:110,2
DA:112,0
DA:113,0
DA:115,0
DA:116,0
DA:118,2
LF:48
LH:25
BRDA:22,0,0,0
BRDA:68,1,0,0
BRDA:88,2,0,0
BRDA:112,3,0,0
BRF:4
BRH:0
end_of_record
TN:
SF:src/middleware/index.ts
FN:4,(anonymous_0)
FNF:1
FNH:1
FNDA:15,(anonymous_0)
DA:2,2
DA:4,2
DA:9,15
DA:10,15
DA:11,15
DA:12,8
DA:14,7
LF:7
LH:7
BRDA:11,0,0,8
BRF:1
BRH:1
end_of_record
TN:
SF:src/models/Product.model.ts
FNF:0
FNH:0
DA:1,3
DA:6,3
DA:10,3
DA:15,3
DA:20,3
DA:22,3
LF:6
LH:6
BRF:0
BRH:0
end_of_record
